Determining if the pthread_create exist failed with the following output:
Change Dir: /home/dzf/catch_bottle-master/cmake-build-debug/CMakeFiles/CMakeTmp

Run Build Command(s):/usr/bin/make cmTC_b9951/fast 
/usr/bin/make -f CMakeFiles/cmTC_b9951.dir/build.make CMakeFiles/cmTC_b9951.dir/build
make[1]: Entering directory '/home/dzf/catch_bottle-master/cmake-build-debug/CMakeFiles/CMakeTmp'
Building C object CMakeFiles/cmTC_b9951.dir/CheckSymbolExists.c.o
/usr/bin/cc    -o CMakeFiles/cmTC_b9951.dir/CheckSymbolExists.c.o   -c /home/dzf/catch_bottle-master/cmake-build-debug/CMakeFiles/CMakeTmp/CheckSymbolExists.c
Linking C executable cmTC_b9951
/media/dzf/0fcf0806-8867-4dce-88b4-9a653d796230/dzf/clion-2019.1.2/bin/cmake/linux/bin/cmake -E cmake_link_script CMakeFiles/cmTC_b9951.dir/link.txt --verbose=1
/usr/bin/cc      -rdynamic CMakeFiles/cmTC_b9951.dir/CheckSymbolExists.c.o  -o cmTC_b9951 
CMakeFiles/cmTC_b9951.dir/CheckSymbolExists.c.o：在函数‘main’中：
CheckSymbolExists.c:(.text+0x16)：对‘pthread_create’未定义的引用
collect2: error: ld returned 1 exit status
CMakeFiles/cmTC_b9951.dir/build.make:86: recipe for target 'cmTC_b9951' failed
make[1]: *** [cmTC_b9951] Error 1
make[1]: Leaving directory '/home/dzf/catch_bottle-master/cmake-build-debug/CMakeFiles/CMakeTmp'
Makefile:121: recipe for target 'cmTC_b9951/fast' failed
make: *** [cmTC_b9951/fast] Error 2

File /home/dzf/catch_bottle-master/cmake-build-debug/CMakeFiles/CMakeTmp/CheckSymbolExists.c:
/* */
#include <pthread.h>

int main(int argc, char** argv)
{
  (void)argv;
#ifndef pthread_create
  return ((int*)(&pthread_create))[argc];
#else
  (void)argc;
  return 0;
#endif
}

Determining if the function pthread_create exists in the pthreads failed with the following output:
Change Dir: /home/dzf/catch_bottle-master/cmake-build-debug/CMakeFiles/CMakeTmp

Run Build Command(s):/usr/bin/make cmTC_ff746/fast 
/usr/bin/make -f CMakeFiles/cmTC_ff746.dir/build.make CMakeFiles/cmTC_ff746.dir/build
make[1]: Entering directory '/home/dzf/catch_bottle-master/cmake-build-debug/CMakeFiles/CMakeTmp'
Building C object CMakeFiles/cmTC_ff746.dir/CheckFunctionExists.c.o
/usr/bin/cc   -DCHECK_FUNCTION_EXISTS=pthread_create   -o CMakeFiles/cmTC_ff746.dir/CheckFunctionExists.c.o   -c /media/dzf/0fcf0806-8867-4dce-88b4-9a653d796230/dzf/clion-2019.1.2/bin/cmake/linux/share/cmake-3.14/Modules/CheckFunctionExists.c
Linking C executable cmTC_ff746
/media/dzf/0fcf0806-8867-4dce-88b4-9a653d796230/dzf/clion-2019.1.2/bin/cmake/linux/bin/cmake -E cmake_link_script CMakeFiles/cmTC_ff746.dir/link.txt --verbose=1
/usr/bin/cc  -DCHECK_FUNCTION_EXISTS=pthread_create    -rdynamic CMakeFiles/cmTC_ff746.dir/CheckFunctionExists.c.o  -o cmTC_ff746 -lpthreads 
/usr/bin/ld: 找不到 -lpthreads
collect2: error: ld returned 1 exit status
CMakeFiles/cmTC_ff746.dir/build.make:86: recipe for target 'cmTC_ff746' failed
make[1]: *** [cmTC_ff746] Error 1
make[1]: Leaving directory '/home/dzf/catch_bottle-master/cmake-build-debug/CMakeFiles/CMakeTmp'
Makefile:121: recipe for target 'cmTC_ff746/fast' failed
make: *** [cmTC_ff746/fast] Error 2


Determining if the function sgemm_ exists failed with the following output:
Change Dir: /home/dzf/catch_bottle-master/cmake-build-debug/CMakeFiles/CMakeTmp

Run Build Command(s):/usr/bin/make cmTC_187b5/fast 
/usr/bin/make -f CMakeFiles/cmTC_187b5.dir/build.make CMakeFiles/cmTC_187b5.dir/build
make[1]: Entering directory '/home/dzf/catch_bottle-master/cmake-build-debug/CMakeFiles/CMakeTmp'
Building C object CMakeFiles/cmTC_187b5.dir/CheckFunctionExists.c.o
/usr/bin/cc   -DCHECK_FUNCTION_EXISTS=sgemm_   -o CMakeFiles/cmTC_187b5.dir/CheckFunctionExists.c.o   -c /media/dzf/0fcf0806-8867-4dce-88b4-9a653d796230/dzf/clion-2019.1.2/bin/cmake/linux/share/cmake-3.14/Modules/CheckFunctionExists.c
Linking C executable cmTC_187b5
/media/dzf/0fcf0806-8867-4dce-88b4-9a653d796230/dzf/clion-2019.1.2/bin/cmake/linux/bin/cmake -E cmake_link_script CMakeFiles/cmTC_187b5.dir/link.txt --verbose=1
/usr/bin/cc  -DCHECK_FUNCTION_EXISTS=sgemm_    -rdynamic CMakeFiles/cmTC_187b5.dir/CheckFunctionExists.c.o  -o cmTC_187b5 
CMakeFiles/cmTC_187b5.dir/CheckFunctionExists.c.o：在函数‘main’中：
CheckFunctionExists.c:(.text+0x10)：对‘sgemm_’未定义的引用
collect2: error: ld returned 1 exit status
CMakeFiles/cmTC_187b5.dir/build.make:86: recipe for target 'cmTC_187b5' failed
make[1]: *** [cmTC_187b5] Error 1
make[1]: Leaving directory '/home/dzf/catch_bottle-master/cmake-build-debug/CMakeFiles/CMakeTmp'
Makefile:121: recipe for target 'cmTC_187b5/fast' failed
make: *** [cmTC_187b5/fast] Error 2


Determining if the function cheev_ exists failed with the following output:
Change Dir: /home/dzf/catch_bottle-master/cmake-build-debug/CMakeFiles/CMakeTmp

Run Build Command(s):/usr/bin/make cmTC_eb3e4/fast 
/usr/bin/make -f CMakeFiles/cmTC_eb3e4.dir/build.make CMakeFiles/cmTC_eb3e4.dir/build
make[1]: Entering directory '/home/dzf/catch_bottle-master/cmake-build-debug/CMakeFiles/CMakeTmp'
Building C object CMakeFiles/cmTC_eb3e4.dir/CheckFunctionExists.c.o
/usr/bin/cc   -DCHECK_FUNCTION_EXISTS=cheev_   -o CMakeFiles/cmTC_eb3e4.dir/CheckFunctionExists.c.o   -c /media/dzf/0fcf0806-8867-4dce-88b4-9a653d796230/dzf/clion-2019.1.2/bin/cmake/linux/share/cmake-3.14/Modules/CheckFunctionExists.c
Linking C executable cmTC_eb3e4
/media/dzf/0fcf0806-8867-4dce-88b4-9a653d796230/dzf/clion-2019.1.2/bin/cmake/linux/bin/cmake -E cmake_link_script CMakeFiles/cmTC_eb3e4.dir/link.txt --verbose=1
/usr/bin/cc  -DCHECK_FUNCTION_EXISTS=cheev_    -rdynamic CMakeFiles/cmTC_eb3e4.dir/CheckFunctionExists.c.o  -o cmTC_eb3e4 /usr/lib/libblas.so 
CMakeFiles/cmTC_eb3e4.dir/CheckFunctionExists.c.o：在函数‘main’中：
CheckFunctionExists.c:(.text+0x10)：对‘cheev_’未定义的引用
collect2: error: ld returned 1 exit status
CMakeFiles/cmTC_eb3e4.dir/build.make:87: recipe for target 'cmTC_eb3e4' failed
make[1]: *** [cmTC_eb3e4] Error 1
make[1]: Leaving directory '/home/dzf/catch_bottle-master/cmake-build-debug/CMakeFiles/CMakeTmp'
Makefile:121: recipe for target 'cmTC_eb3e4/fast' failed
make: *** [cmTC_eb3e4/fast] Error 2


